<?xml version="1.0" encoding="UTF-8"?>
<!-- Generated by org.testng.reporters.JUnitXMLReporter -->
<testsuite hostname="DESKTOP-SOJ165K" name="Default test" tests="6" failures="0" timestamp="24 Jul 2019 03:42:52 GMT" time="0.289" errors="0">
  <testcase name="AndroidApp" time="0.117" classname="qaclickacademy.AppiumTest"/>
  <testcase name="IOSApp" time="0.02" classname="qaclickacademy.AppiumTest"/>
  <testcase name="DeleteTwitter" time="0.007" classname="qaclickacademy.RestApiTest"/>
  <testcase name="PostJira" time="0.006" classname="qaclickacademy.RestApiTest"/>
  <testcase name="BrowserAutomation" time="0.006" classname="qaclickacademy.SeleniumTest"/>
  <testcase name="MobileAutomation" time="0.014" classname="qaclickacademy.SeleniumTest"/>
</testsuite> <!-- Default test -->
