<?xml version="1.0" encoding="UTF-8"?>
<!-- Generated by org.testng.reporters.JUnitXMLReporter -->
<testsuite hostname="DESKTOP-SOJ165K" name="Command line test" tests="6" failures="0" timestamp="24 Jul 2019 04:05:55 GMT" time="0.124" errors="0">
  <testcase name="AndroidApp" time="0.04" classname="qaclickacademy.AppiumTest"/>
  <testcase name="IOSApp" time="0.001" classname="qaclickacademy.AppiumTest"/>
  <testcase name="DeleteTwitter" time="0.0" classname="qaclickacademy.RestApiTest"/>
  <testcase name="PostJira" time="0.0" classname="qaclickacademy.RestApiTest"/>
  <testcase name="BrowserAutomation" time="0.001" classname="qaclickacademy.SeleniumTest"/>
  <testcase name="MobileAutomation" time="0.0" classname="qaclickacademy.SeleniumTest"/>
</testsuite> <!-- Command line test -->
