<?xml version="1.0" encoding="UTF-8"?>
<!-- Generated by org.testng.reporters.JUnitXMLReporter -->
<testsuite hostname="DESKTOP-SOJ165K" name="Test" tests="6" failures="0" timestamp="24 Jul 2019 04:06:39 GMT" time="0.051" errors="0">
  <testcase name="DeleteTwitter" time="0.021" classname="qaclickacademy.RestApiTest"/>
  <testcase name="PostJira" time="0.001" classname="qaclickacademy.RestApiTest"/>
  <testcase name="BrowserAutomation" time="0.001" classname="qaclickacademy.SeleniumTest"/>
  <testcase name="MobileAutomation" time="0.001" classname="qaclickacademy.SeleniumTest"/>
  <testcase name="AndroidApp" time="0.001" classname="qaclickacademy.AppiumTest"/>
  <testcase name="IOSApp" time="0.001" classname="qaclickacademy.AppiumTest"/>
</testsuite> <!-- Test -->
