<?xml version="1.0" encoding="UTF-8"?>
<testng-results skipped="0" failed="0" total="6" passed="6">
  <reporter-output>
  </reporter-output>
  <suite name="Suite" duration-ms="51" started-at="2019-07-24T04:06:39Z" finished-at="2019-07-24T04:06:39Z">
    <groups>
    </groups>
    <test name="Test" duration-ms="51" started-at="2019-07-24T04:06:39Z" finished-at="2019-07-24T04:06:39Z">
      <class name="qaclickacademy.AppiumTest">
        <test-method status="PASS" signature="AndroidApp()[pri:0, instance:qaclickacademy.AppiumTest@234bef66]" name="AndroidApp" duration-ms="1" started-at="2019-07-24T09:36:39Z" finished-at="2019-07-24T09:36:39Z">
          <reporter-output>
          </reporter-output>
        </test-method> <!-- AndroidApp -->
        <test-method status="PASS" signature="IOSApp()[pri:0, instance:qaclickacademy.AppiumTest@234bef66]" name="IOSApp" duration-ms="1" started-at="2019-07-24T09:36:39Z" finished-at="2019-07-24T09:36:39Z">
          <reporter-output>
          </reporter-output>
        </test-method> <!-- IOSApp -->
      </class> <!-- qaclickacademy.AppiumTest -->
      <class name="qaclickacademy.RestApiTest">
        <test-method status="PASS" signature="DeleteTwitter()[pri:0, instance:qaclickacademy.RestApiTest@737996a0]" name="DeleteTwitter" duration-ms="21" started-at="2019-07-24T09:36:39Z" finished-at="2019-07-24T09:36:39Z">
          <reporter-output>
          </reporter-output>
        </test-method> <!-- DeleteTwitter -->
        <test-method status="PASS" signature="PostJira()[pri:0, instance:qaclickacademy.RestApiTest@737996a0]" name="PostJira" duration-ms="1" started-at="2019-07-24T09:36:39Z" finished-at="2019-07-24T09:36:39Z">
          <reporter-output>
          </reporter-output>
        </test-method> <!-- PostJira -->
      </class> <!-- qaclickacademy.RestApiTest -->
      <class name="qaclickacademy.SeleniumTest">
        <test-method status="PASS" signature="BrowserAutomation()[pri:0, instance:qaclickacademy.SeleniumTest@617c74e5]" name="BrowserAutomation" duration-ms="1" started-at="2019-07-24T09:36:39Z" finished-at="2019-07-24T09:36:39Z">
          <reporter-output>
          </reporter-output>
        </test-method> <!-- BrowserAutomation -->
        <test-method status="PASS" signature="MobileAutomation()[pri:0, instance:qaclickacademy.SeleniumTest@617c74e5]" name="MobileAutomation" duration-ms="1" started-at="2019-07-24T09:36:39Z" finished-at="2019-07-24T09:36:39Z">
          <reporter-output>
          </reporter-output>
        </test-method> <!-- MobileAutomation -->
      </class> <!-- qaclickacademy.SeleniumTest -->
    </test> <!-- Test -->
  </suite> <!-- Suite -->
</testng-results>
