<?xml version="1.0" encoding="UTF-8"?>
<testng-results skipped="0" failed="0" total="6" passed="6">
  <reporter-output>
  </reporter-output>
  <suite name="Default suite" duration-ms="289" started-at="2019-07-24T03:42:52Z" finished-at="2019-07-24T03:42:52Z">
    <groups>
    </groups>
    <test name="Default test" duration-ms="289" started-at="2019-07-24T03:42:52Z" finished-at="2019-07-24T03:42:52Z">
      <class name="qaclickacademy.AppiumTest">
        <test-method status="PASS" signature="AndroidApp()[pri:0, instance:qaclickacademy.AppiumTest@1a968a59]" name="AndroidApp" duration-ms="117" started-at="2019-07-24T09:12:52Z" finished-at="2019-07-24T09:12:52Z">
          <reporter-output>
          </reporter-output>
        </test-method> <!-- AndroidApp -->
        <test-method status="PASS" signature="IOSApp()[pri:0, instance:qaclickacademy.AppiumTest@1a968a59]" name="IOSApp" duration-ms="20" started-at="2019-07-24T09:12:52Z" finished-at="2019-07-24T09:12:52Z">
          <reporter-output>
          </reporter-output>
        </test-method> <!-- IOSApp -->
      </class> <!-- qaclickacademy.AppiumTest -->
      <class name="qaclickacademy.RestApiTest">
        <test-method status="PASS" signature="DeleteTwitter()[pri:0, instance:qaclickacademy.RestApiTest@5f341870]" name="DeleteTwitter" duration-ms="7" started-at="2019-07-24T09:12:52Z" finished-at="2019-07-24T09:12:52Z">
          <reporter-output>
          </reporter-output>
        </test-method> <!-- DeleteTwitter -->
        <test-method status="PASS" signature="PostJira()[pri:0, instance:qaclickacademy.RestApiTest@5f341870]" name="PostJira" duration-ms="6" started-at="2019-07-24T09:12:52Z" finished-at="2019-07-24T09:12:52Z">
          <reporter-output>
          </reporter-output>
        </test-method> <!-- PostJira -->
      </class> <!-- qaclickacademy.RestApiTest -->
      <class name="qaclickacademy.SeleniumTest">
        <test-method status="PASS" signature="BrowserAutomation()[pri:0, instance:qaclickacademy.SeleniumTest@553f17c]" name="BrowserAutomation" duration-ms="6" started-at="2019-07-24T09:12:52Z" finished-at="2019-07-24T09:12:52Z">
          <reporter-output>
          </reporter-output>
        </test-method> <!-- BrowserAutomation -->
        <test-method status="PASS" signature="MobileAutomation()[pri:0, instance:qaclickacademy.SeleniumTest@553f17c]" name="MobileAutomation" duration-ms="14" started-at="2019-07-24T09:12:52Z" finished-at="2019-07-24T09:12:52Z">
          <reporter-output>
          </reporter-output>
        </test-method> <!-- MobileAutomation -->
      </class> <!-- qaclickacademy.SeleniumTest -->
    </test> <!-- Default test -->
  </suite> <!-- Default suite -->
</testng-results>
